<?xml version="1.0" encoding="UTF-8"?>
<!-- Generated by org.testng.reporters.JUnitXMLReporter -->
<testsuite ignored="0" hostname="LAPTOP-2Q5AHFQA" failures="0" tests="7" name="Highpriority" time="4.111" errors="0" timestamp="2023-05-26T13:52:57 IST">
  <testcase classname="testNg.Testbaseclass" name="@BeforeClass login" time="-1.685089373457E9">
    <failure type="org.testng.TestNGException" message="
Parameter &amp;apos;browsername&amp;apos; is required by BeforeClass on method login but has not been marked @Optional or defined
in C:\Users\Datta\eclipse-workspace\TestJava1Project\Newjavaautomation\sanity.xml">
      <![CDATA[org.testng.TestNGException: 
Parameter 'browsername' is required by BeforeClass on method login but has not been marked @Optional or defined
in C:\Users\Datta\eclipse-workspace\TestJava1Project\Newjavaautomation\sanity.xml
at java.base/java.util.ArrayList.forEach(ArrayList.java:1511)
... Removed 22 stack frames]]>
    </failure>
  </testcase> <!-- @BeforeClass login -->
  <testcase classname="testNg.Testbaseclass" name="@BeforeMethod enteridpass" time="-1.685089373481E9">
    <skipped/>
  </testcase> <!-- @BeforeMethod enteridpass -->
  <testcase classname="testNg.Testbaseclass" name="@AfterMethod logout" time="-1.685089373487E9">
    <skipped/>
  </testcase> <!-- @AfterMethod logout -->
  <testcase classname="testNg.Testbaseclass" name="@BeforeMethod enteridpass" time="-1.68508937349E9">
    <skipped/>
  </testcase> <!-- @BeforeMethod enteridpass -->
  <testcase classname="testNg.Testbaseclass" name="@AfterMethod logout" time="-1.685089373494E9">
    <skipped/>
  </testcase> <!-- @AfterMethod logout -->
  <testcase classname="testNg.Testbaseclass" name="@BeforeMethod enteridpass" time="-1.685089373495E9">
    <skipped/>
  </testcase> <!-- @BeforeMethod enteridpass -->
  <testcase classname="testNg.Testbaseclass" name="@AfterMethod logout" time="-1.685089373498E9">
    <skipped/>
  </testcase> <!-- @AfterMethod logout -->
  <testcase classname="testNg.Testbaseclass" name="@AfterClass teardown" time="-1.685089373499E9">
    <skipped/>
  </testcase> <!-- @AfterClass teardown -->
  <testcase classname="testNg.Testclass1" name="TC_01verifyloginfunctionality" time="0.0">
    <skipped/>
  </testcase> <!-- TC_01verifyloginfunctionality -->
  <testcase classname="testNg.Testclass1" name="TC_03verifyaddtocartfunctionality" time="0.0">
    <skipped/>
  </testcase> <!-- TC_03verifyaddtocartfunctionality -->
  <testcase classname="testNg.Testclass1" name="TC_02verifylogoutfunctionality" time="0.0">
    <skipped/>
  </testcase> <!-- TC_02verifylogoutfunctionality -->
  <testcase classname="projectclassses.AddtocartTestclass" name="verifyAddtocartTestclass" time="4.034"/>
  <testcase classname="testNg.Testngclass1" name="method1" time="0.001"/>
  <testcase classname="testNg.Assertion" name="method1" time="0.004"/>
  <testcase classname="testNg.Assertion" name="method2" time="0.003"/>
</testsuite> <!-- Highpriority -->
