<?xml version="1.0" encoding="UTF-8"?>
<!-- Generated by org.testng.reporters.JUnitXMLReporter -->
<testsuite ignored="0" hostname="LAPTOP-2Q5AHFQA" failures="0" tests="3" name="Highpriority(failed)(failed)(failed)" time="0.066" errors="0" timestamp="2023-05-26T13:58:24 IST">
  <testcase classname="testNg.Testbaseclass" name="@BeforeClass login" time="-1.68508970408E9">
    <failure type="org.testng.TestNGException" message="
Parameter &amp;apos;browsername&amp;apos; is required by BeforeClass on method login but has not been marked @Optional or defined
in C:\Users\Datta\eclipse-workspace\TestJava1Project\Newjavaautomation\test-output\testng-failed.xml">
      <![CDATA[org.testng.TestNGException: 
Parameter 'browsername' is required by BeforeClass on method login but has not been marked @Optional or defined
in C:\Users\Datta\eclipse-workspace\TestJava1Project\Newjavaautomation\test-output\testng-failed.xml
at java.base/java.util.ArrayList.forEach(ArrayList.java:1511)
... Removed 22 stack frames]]>
    </failure>
  </testcase> <!-- @BeforeClass login -->
  <testcase classname="testNg.Testbaseclass" name="@BeforeMethod enteridpass" time="-1.685089704102E9">
    <skipped/>
  </testcase> <!-- @BeforeMethod enteridpass -->
  <testcase classname="testNg.Testbaseclass" name="@AfterMethod logout" time="-1.68508970411E9">
    <skipped/>
  </testcase> <!-- @AfterMethod logout -->
  <testcase classname="testNg.Testbaseclass" name="@BeforeMethod enteridpass" time="-1.685089704114E9">
    <skipped/>
  </testcase> <!-- @BeforeMethod enteridpass -->
  <testcase classname="testNg.Testbaseclass" name="@AfterMethod logout" time="-1.685089704118E9">
    <skipped/>
  </testcase> <!-- @AfterMethod logout -->
  <testcase classname="testNg.Testbaseclass" name="@BeforeMethod enteridpass" time="-1.68508970412E9">
    <skipped/>
  </testcase> <!-- @BeforeMethod enteridpass -->
  <testcase classname="testNg.Testbaseclass" name="@AfterMethod logout" time="-1.685089704124E9">
    <skipped/>
  </testcase> <!-- @AfterMethod logout -->
  <testcase classname="testNg.Testbaseclass" name="@AfterClass teardown" time="-1.685089704125E9">
    <skipped/>
  </testcase> <!-- @AfterClass teardown -->
  <testcase classname="testNg.Testclass1" name="TC_01verifyloginfunctionality" time="0.0">
    <skipped/>
  </testcase> <!-- TC_01verifyloginfunctionality -->
  <testcase classname="testNg.Testclass1" name="TC_03verifyaddtocartfunctionality" time="0.0">
    <skipped/>
  </testcase> <!-- TC_03verifyaddtocartfunctionality -->
  <testcase classname="testNg.Testclass1" name="TC_02verifylogoutfunctionality" time="0.0">
    <skipped/>
  </testcase> <!-- TC_02verifylogoutfunctionality -->
</testsuite> <!-- Highpriority(failed)(failed)(failed) -->
